  Clients.c
D:\IPCA\1_Year\2_Semester\EDA_EstruturasDeDadosAvançadas\TrabalhoPratico\TrabalhoPratico\Clients.c(42,14): warning C4133: '=': incompatible types - from 'clientList *' to 'clientList *'
D:\IPCA\1_Year\2_Semester\EDA_EstruturasDeDadosAvançadas\TrabalhoPratico\TrabalhoPratico\Clients.c(43,22): warning C4133: '=': incompatible types - from 'clientList *' to 'clientList *'
D:\IPCA\1_Year\2_Semester\EDA_EstruturasDeDadosAvançadas\TrabalhoPratico\TrabalhoPratico\Clients.c(44,8): warning C4133: '=': incompatible types - from 'clientList *' to 'clientList *'
D:\IPCA\1_Year\2_Semester\EDA_EstruturasDeDadosAvançadas\TrabalhoPratico\TrabalhoPratico\Clients.c(47,28): warning C4133: '=': incompatible types - from 'clientList *' to 'clientList *'
D:\IPCA\1_Year\2_Semester\EDA_EstruturasDeDadosAvançadas\TrabalhoPratico\TrabalhoPratico\Clients.c(48,17): warning C4133: '=': incompatible types - from 'pClientList' to 'clientList *'
D:\IPCA\1_Year\2_Semester\EDA_EstruturasDeDadosAvançadas\TrabalhoPratico\TrabalhoPratico\Clients.c(89,14): warning C4133: '=': incompatible types - from 'clientList *' to 'clientList *'
D:\IPCA\1_Year\2_Semester\EDA_EstruturasDeDadosAvançadas\TrabalhoPratico\TrabalhoPratico\Clients.c(90,22): warning C4133: '=': incompatible types - from 'clientList *' to 'clientList *'
D:\IPCA\1_Year\2_Semester\EDA_EstruturasDeDadosAvançadas\TrabalhoPratico\TrabalhoPratico\Clients.c(91,8): warning C4133: '=': incompatible types - from 'clientList *' to 'clientList *'
D:\IPCA\1_Year\2_Semester\EDA_EstruturasDeDadosAvançadas\TrabalhoPratico\TrabalhoPratico\Clients.c(94,28): warning C4133: '=': incompatible types - from 'clientList *' to 'clientList *'
D:\IPCA\1_Year\2_Semester\EDA_EstruturasDeDadosAvançadas\TrabalhoPratico\TrabalhoPratico\Clients.c(95,17): warning C4133: '=': incompatible types - from 'pClientList' to 'clientList *'
D:\IPCA\1_Year\2_Semester\EDA_EstruturasDeDadosAvançadas\TrabalhoPratico\TrabalhoPratico\Clients.c(119,7): warning C4133: '=': incompatible types - from 'clientList *' to 'clientList *'
D:\IPCA\1_Year\2_Semester\EDA_EstruturasDeDadosAvançadas\TrabalhoPratico\TrabalhoPratico\Clients.c(138,34): warning C4133: '!=': incompatible types - from 'clientList *' to 'clientList *'
D:\IPCA\1_Year\2_Semester\EDA_EstruturasDeDadosAvançadas\TrabalhoPratico\TrabalhoPratico\Clients.c(143,7): warning C4133: '=': incompatible types - from 'clientList *' to 'clientList *'
D:\IPCA\1_Year\2_Semester\EDA_EstruturasDeDadosAvançadas\TrabalhoPratico\TrabalhoPratico\Clients.c(152,2): warning C4013: 'strcpy' undefined; assuming extern returning int
D:\IPCA\1_Year\2_Semester\EDA_EstruturasDeDadosAvançadas\TrabalhoPratico\TrabalhoPratico\Clients.c(157,13): warning C4133: '=': incompatible types - from 'clientList *' to 'clientList *'
D:\IPCA\1_Year\2_Semester\EDA_EstruturasDeDadosAvançadas\TrabalhoPratico\TrabalhoPratico\Clients.c(158,15): warning C4133: '=': incompatible types - from 'clientList *' to 'clientList *'
D:\IPCA\1_Year\2_Semester\EDA_EstruturasDeDadosAvançadas\TrabalhoPratico\TrabalhoPratico\Clients.c(166,10): warning C4133: '=': incompatible types - from 'clientList *' to 'clientList *'
D:\IPCA\1_Year\2_Semester\EDA_EstruturasDeDadosAvançadas\TrabalhoPratico\TrabalhoPratico\Clients.c(167,23): warning C4133: '=': incompatible types - from 'clientList *' to 'clientList *'
D:\IPCA\1_Year\2_Semester\EDA_EstruturasDeDadosAvançadas\TrabalhoPratico\TrabalhoPratico\Clients.c(185,7): warning C4133: '=': incompatible types - from 'clientList *' to 'clientList *'
D:\IPCA\1_Year\2_Semester\EDA_EstruturasDeDadosAvançadas\TrabalhoPratico\TrabalhoPratico\Clients.c(194,28): warning C4133: '==': incompatible types - from 'pClientList' to 'clientList *'
D:\IPCA\1_Year\2_Semester\EDA_EstruturasDeDadosAvançadas\TrabalhoPratico\TrabalhoPratico\Clients.c(203,17): warning C4133: '=': incompatible types - from 'clientList *' to 'pClientList'
D:\IPCA\1_Year\2_Semester\EDA_EstruturasDeDadosAvançadas\TrabalhoPratico\TrabalhoPratico\Clients.c(206,7): warning C4133: '=': incompatible types - from 'clientList *' to 'clientList *'
D:\IPCA\1_Year\2_Semester\EDA_EstruturasDeDadosAvançadas\TrabalhoPratico\TrabalhoPratico\Clients.c(208,7): warning C4133: '=': incompatible types - from 'clientList *' to 'clientList *'
D:\IPCA\1_Year\2_Semester\EDA_EstruturasDeDadosAvançadas\TrabalhoPratico\TrabalhoPratico\Clients.c(229,7): warning C4133: '=': incompatible types - from 'clientList *' to 'clientList *'
D:\IPCA\1_Year\2_Semester\EDA_EstruturasDeDadosAvançadas\TrabalhoPratico\TrabalhoPratico\Clients.c(220,14): warning C4101: 'aux2': unreferenced local variable
D:\IPCA\1_Year\2_Semester\EDA_EstruturasDeDadosAvançadas\TrabalhoPratico\TrabalhoPratico\Clients.c(266,7): warning C4133: '=': incompatible types - from 'clientList *' to 'clientList *'
  Main.c
D:\IPCA\1_Year\2_Semester\EDA_EstruturasDeDadosAvançadas\TrabalhoPratico\TrabalhoPratico\Main.c(16,33): warning C4047: 'function': 'pVehicleList *' differs in levels of indirection from 'vehicleList **'
D:\IPCA\1_Year\2_Semester\EDA_EstruturasDeDadosAvançadas\TrabalhoPratico\TrabalhoPratico\Main.c(16,21): warning C4024: 'loadBinVehicleData': different types for formal and actual parameter 1
D:\IPCA\1_Year\2_Semester\EDA_EstruturasDeDadosAvançadas\TrabalhoPratico\TrabalhoPratico\Main.c(18,31): warning C4047: 'function': 'pRecordList *' differs in levels of indirection from 'recordList **'
D:\IPCA\1_Year\2_Semester\EDA_EstruturasDeDadosAvançadas\TrabalhoPratico\TrabalhoPratico\Main.c(18,20): warning C4024: 'loadBinRecordData': different types for formal and actual parameter 1
D:\IPCA\1_Year\2_Semester\EDA_EstruturasDeDadosAvançadas\TrabalhoPratico\TrabalhoPratico\Main.c(22,16): warning C4133: 'function': incompatible types - from 'vehicleList *' to 'vehicleList *'
D:\IPCA\1_Year\2_Semester\EDA_EstruturasDeDadosAvançadas\TrabalhoPratico\TrabalhoPratico\Main.c(29,7): warning C4133: '=': incompatible types - from 'vehicleList *' to 'vehicleList *'
D:\IPCA\1_Year\2_Semester\EDA_EstruturasDeDadosAvançadas\TrabalhoPratico\TrabalhoPratico\Main.c(41,7): warning C4133: '=': incompatible types - from 'vehicleList *' to 'vehicleList *'
  Record.c
D:\IPCA\1_Year\2_Semester\EDA_EstruturasDeDadosAvançadas\TrabalhoPratico\TrabalhoPratico\Record.c(46,14): warning C4133: '=': incompatible types - from 'recordList *' to 'recordList *'
D:\IPCA\1_Year\2_Semester\EDA_EstruturasDeDadosAvançadas\TrabalhoPratico\TrabalhoPratico\Record.c(47,22): warning C4133: '=': incompatible types - from 'recordList *' to 'recordList *'
D:\IPCA\1_Year\2_Semester\EDA_EstruturasDeDadosAvançadas\TrabalhoPratico\TrabalhoPratico\Record.c(48,8): warning C4133: '=': incompatible types - from 'recordList *' to 'recordList *'
D:\IPCA\1_Year\2_Semester\EDA_EstruturasDeDadosAvançadas\TrabalhoPratico\TrabalhoPratico\Record.c(51,28): warning C4133: '=': incompatible types - from 'recordList *' to 'recordList *'
D:\IPCA\1_Year\2_Semester\EDA_EstruturasDeDadosAvançadas\TrabalhoPratico\TrabalhoPratico\Record.c(52,17): warning C4133: '=': incompatible types - from 'pRecordList' to 'recordList *'
D:\IPCA\1_Year\2_Semester\EDA_EstruturasDeDadosAvançadas\TrabalhoPratico\TrabalhoPratico\Record.c(57,36): warning C4028: formal parameter 1 different from declaration
D:\IPCA\1_Year\2_Semester\EDA_EstruturasDeDadosAvançadas\TrabalhoPratico\TrabalhoPratico\Record.c(93,14): warning C4133: '=': incompatible types - from 'recordList *' to 'recordList *'
D:\IPCA\1_Year\2_Semester\EDA_EstruturasDeDadosAvançadas\TrabalhoPratico\TrabalhoPratico\Record.c(94,22): warning C4133: '=': incompatible types - from 'recordList *' to 'recordList *'
D:\IPCA\1_Year\2_Semester\EDA_EstruturasDeDadosAvançadas\TrabalhoPratico\TrabalhoPratico\Record.c(95,8): warning C4133: '=': incompatible types - from 'recordList *' to 'recordList *'
D:\IPCA\1_Year\2_Semester\EDA_EstruturasDeDadosAvançadas\TrabalhoPratico\TrabalhoPratico\Record.c(98,28): warning C4133: '=': incompatible types - from 'recordList *' to 'recordList *'
D:\IPCA\1_Year\2_Semester\EDA_EstruturasDeDadosAvançadas\TrabalhoPratico\TrabalhoPratico\Record.c(99,17): warning C4133: '=': incompatible types - from 'pRecordList' to 'recordList *'
D:\IPCA\1_Year\2_Semester\EDA_EstruturasDeDadosAvançadas\TrabalhoPratico\TrabalhoPratico\Record.c(104,29): warning C4028: formal parameter 1 different from declaration
D:\IPCA\1_Year\2_Semester\EDA_EstruturasDeDadosAvançadas\TrabalhoPratico\TrabalhoPratico\Record.c(123,7): warning C4133: '=': incompatible types - from 'recordList *' to 'recordList *'
D:\IPCA\1_Year\2_Semester\EDA_EstruturasDeDadosAvançadas\TrabalhoPratico\TrabalhoPratico\Record.c(142,34): warning C4133: '!=': incompatible types - from 'recordList *' to 'recordList *'
D:\IPCA\1_Year\2_Semester\EDA_EstruturasDeDadosAvançadas\TrabalhoPratico\TrabalhoPratico\Record.c(147,7): warning C4133: '=': incompatible types - from 'recordList *' to 'recordList *'
D:\IPCA\1_Year\2_Semester\EDA_EstruturasDeDadosAvançadas\TrabalhoPratico\TrabalhoPratico\Record.c(160,13): warning C4133: '=': incompatible types - from 'recordList *' to 'recordList *'
D:\IPCA\1_Year\2_Semester\EDA_EstruturasDeDadosAvançadas\TrabalhoPratico\TrabalhoPratico\Record.c(161,16): warning C4133: '=': incompatible types - from 'recordList *' to 'recordList *'
D:\IPCA\1_Year\2_Semester\EDA_EstruturasDeDadosAvançadas\TrabalhoPratico\TrabalhoPratico\Record.c(170,11): warning C4133: '=': incompatible types - from 'recordList *' to 'recordList *'
D:\IPCA\1_Year\2_Semester\EDA_EstruturasDeDadosAvançadas\TrabalhoPratico\TrabalhoPratico\Record.c(171,23): warning C4133: '=': incompatible types - from 'recordList *' to 'recordList *'
  Vehicle.c
D:\IPCA\1_Year\2_Semester\EDA_EstruturasDeDadosAvançadas\TrabalhoPratico\TrabalhoPratico\Vehicle.c(7,38): warning C4028: formal parameter 1 different from declaration
D:\IPCA\1_Year\2_Semester\EDA_EstruturasDeDadosAvançadas\TrabalhoPratico\TrabalhoPratico\Vehicle.c(42,14): warning C4133: '=': incompatible types - from 'vehicleList *' to 'vehicleList *'
D:\IPCA\1_Year\2_Semester\EDA_EstruturasDeDadosAvançadas\TrabalhoPratico\TrabalhoPratico\Vehicle.c(43,23): warning C4133: '=': incompatible types - from 'vehicleList *' to 'vehicleList *'
D:\IPCA\1_Year\2_Semester\EDA_EstruturasDeDadosAvançadas\TrabalhoPratico\TrabalhoPratico\Vehicle.c(44,8): warning C4133: '=': incompatible types - from 'vehicleList *' to 'vehicleList *'
D:\IPCA\1_Year\2_Semester\EDA_EstruturasDeDadosAvançadas\TrabalhoPratico\TrabalhoPratico\Vehicle.c(47,29): warning C4133: '=': incompatible types - from 'vehicleList *' to 'vehicleList *'
D:\IPCA\1_Year\2_Semester\EDA_EstruturasDeDadosAvançadas\TrabalhoPratico\TrabalhoPratico\Vehicle.c(48,18): warning C4133: '=': incompatible types - from 'pVehicleList' to 'vehicleList *'
D:\IPCA\1_Year\2_Semester\EDA_EstruturasDeDadosAvançadas\TrabalhoPratico\TrabalhoPratico\Vehicle.c(53,38): warning C4028: formal parameter 1 different from declaration
D:\IPCA\1_Year\2_Semester\EDA_EstruturasDeDadosAvançadas\TrabalhoPratico\TrabalhoPratico\Vehicle.c(89,14): warning C4133: '=': incompatible types - from 'vehicleList *' to 'vehicleList *'
D:\IPCA\1_Year\2_Semester\EDA_EstruturasDeDadosAvançadas\TrabalhoPratico\TrabalhoPratico\Vehicle.c(90,23): warning C4133: '=': incompatible types - from 'vehicleList *' to 'vehicleList *'
D:\IPCA\1_Year\2_Semester\EDA_EstruturasDeDadosAvançadas\TrabalhoPratico\TrabalhoPratico\Vehicle.c(91,8): warning C4133: '=': incompatible types - from 'vehicleList *' to 'vehicleList *'
D:\IPCA\1_Year\2_Semester\EDA_EstruturasDeDadosAvançadas\TrabalhoPratico\TrabalhoPratico\Vehicle.c(94,29): warning C4133: '=': incompatible types - from 'vehicleList *' to 'vehicleList *'
D:\IPCA\1_Year\2_Semester\EDA_EstruturasDeDadosAvançadas\TrabalhoPratico\TrabalhoPratico\Vehicle.c(95,18): warning C4133: '=': incompatible types - from 'pVehicleList' to 'vehicleList *'
D:\IPCA\1_Year\2_Semester\EDA_EstruturasDeDadosAvançadas\TrabalhoPratico\TrabalhoPratico\Vehicle.c(100,31): warning C4028: formal parameter 1 different from declaration
D:\IPCA\1_Year\2_Semester\EDA_EstruturasDeDadosAvançadas\TrabalhoPratico\TrabalhoPratico\Vehicle.c(119,7): warning C4133: '=': incompatible types - from 'vehicleList *' to 'vehicleList *'
D:\IPCA\1_Year\2_Semester\EDA_EstruturasDeDadosAvançadas\TrabalhoPratico\TrabalhoPratico\Vehicle.c(132,32): warning C4028: formal parameter 1 different from declaration
D:\IPCA\1_Year\2_Semester\EDA_EstruturasDeDadosAvançadas\TrabalhoPratico\TrabalhoPratico\Vehicle.c(139,34): warning C4133: '!=': incompatible types - from 'vehicleList *' to 'vehicleList *'
D:\IPCA\1_Year\2_Semester\EDA_EstruturasDeDadosAvançadas\TrabalhoPratico\TrabalhoPratico\Vehicle.c(144,7): warning C4133: '=': incompatible types - from 'vehicleList *' to 'vehicleList *'
D:\IPCA\1_Year\2_Semester\EDA_EstruturasDeDadosAvançadas\TrabalhoPratico\TrabalhoPratico\Vehicle.c(152,2): warning C4013: 'strcpy' undefined; assuming extern returning int
D:\IPCA\1_Year\2_Semester\EDA_EstruturasDeDadosAvançadas\TrabalhoPratico\TrabalhoPratico\Vehicle.c(161,13): warning C4133: '=': incompatible types - from 'vehicleList *' to 'vehicleList *'
D:\IPCA\1_Year\2_Semester\EDA_EstruturasDeDadosAvançadas\TrabalhoPratico\TrabalhoPratico\Vehicle.c(162,15): warning C4133: '=': incompatible types - from 'vehicleList *' to 'vehicleList *'
D:\IPCA\1_Year\2_Semester\EDA_EstruturasDeDadosAvançadas\TrabalhoPratico\TrabalhoPratico\Vehicle.c(170,10): warning C4133: '=': incompatible types - from 'vehicleList *' to 'vehicleList *'
D:\IPCA\1_Year\2_Semester\EDA_EstruturasDeDadosAvançadas\TrabalhoPratico\TrabalhoPratico\Vehicle.c(171,24): warning C4133: '=': incompatible types - from 'vehicleList *' to 'vehicleList *'
D:\IPCA\1_Year\2_Semester\EDA_EstruturasDeDadosAvançadas\TrabalhoPratico\TrabalhoPratico\Vehicle.c(177,33): warning C4028: formal parameter 1 different from declaration
D:\IPCA\1_Year\2_Semester\EDA_EstruturasDeDadosAvançadas\TrabalhoPratico\TrabalhoPratico\Vehicle.c(189,7): warning C4133: '=': incompatible types - from 'vehicleList *' to 'vehicleList *'
D:\IPCA\1_Year\2_Semester\EDA_EstruturasDeDadosAvançadas\TrabalhoPratico\TrabalhoPratico\Vehicle.c(198,29): warning C4133: '==': incompatible types - from 'pVehicleList' to 'vehicleList *'
D:\IPCA\1_Year\2_Semester\EDA_EstruturasDeDadosAvançadas\TrabalhoPratico\TrabalhoPratico\Vehicle.c(207,18): warning C4133: '=': incompatible types - from 'vehicleList *' to 'pVehicleList'
D:\IPCA\1_Year\2_Semester\EDA_EstruturasDeDadosAvançadas\TrabalhoPratico\TrabalhoPratico\Vehicle.c(210,7): warning C4133: '=': incompatible types - from 'vehicleList *' to 'vehicleList *'
D:\IPCA\1_Year\2_Semester\EDA_EstruturasDeDadosAvançadas\TrabalhoPratico\TrabalhoPratico\Vehicle.c(212,7): warning C4133: '=': incompatible types - from 'vehicleList *' to 'vehicleList *'
D:\IPCA\1_Year\2_Semester\EDA_EstruturasDeDadosAvançadas\TrabalhoPratico\TrabalhoPratico\Vehicle.c(221,33): warning C4028: formal parameter 1 different from declaration
D:\IPCA\1_Year\2_Semester\EDA_EstruturasDeDadosAvançadas\TrabalhoPratico\TrabalhoPratico\Vehicle.c(233,7): warning C4133: '=': incompatible types - from 'vehicleList *' to 'vehicleList *'
D:\IPCA\1_Year\2_Semester\EDA_EstruturasDeDadosAvançadas\TrabalhoPratico\TrabalhoPratico\Vehicle.c(224,15): warning C4101: 'aux2': unreferenced local variable
D:\IPCA\1_Year\2_Semester\EDA_EstruturasDeDadosAvançadas\TrabalhoPratico\TrabalhoPratico\Vehicle.c(257,8): warning C4133: '=': incompatible types - from 'vehicleList *' to 'vehicleList *'
D:\IPCA\1_Year\2_Semester\EDA_EstruturasDeDadosAvançadas\TrabalhoPratico\TrabalhoPratico\Vehicle.c(275,9): warning C4133: '=': incompatible types - from 'vehicleList *' to 'vehicleList *'
D:\IPCA\1_Year\2_Semester\EDA_EstruturasDeDadosAvançadas\TrabalhoPratico\TrabalhoPratico\Vehicle.c(277,7): warning C4133: '=': incompatible types - from 'vehicleList *' to 'vehicleList *'
D:\IPCA\1_Year\2_Semester\EDA_EstruturasDeDadosAvançadas\TrabalhoPratico\TrabalhoPratico\Vehicle.c(278,8): warning C4133: '=': incompatible types - from 'vehicleList *' to 'vehicleList *'
D:\IPCA\1_Year\2_Semester\EDA_EstruturasDeDadosAvançadas\TrabalhoPratico\TrabalhoPratico\Vehicle.c(279,37): warning C4047: '!=': 'vehicleList *' differs in levels of indirection from 'pVehicleList *'
D:\IPCA\1_Year\2_Semester\EDA_EstruturasDeDadosAvançadas\TrabalhoPratico\TrabalhoPratico\Vehicle.c(293,7): warning C4013: 'strcmp' undefined; assuming extern returning int
D:\IPCA\1_Year\2_Semester\EDA_EstruturasDeDadosAvançadas\TrabalhoPratico\TrabalhoPratico\Vehicle.c(299,19): warning C4133: '=': incompatible types - from 'vehicleList *' to 'vehicleList *'
D:\IPCA\1_Year\2_Semester\EDA_EstruturasDeDadosAvançadas\TrabalhoPratico\TrabalhoPratico\Vehicle.c(301,16): warning C4133: '=': incompatible types - from 'vehicleList *' to 'vehicleList *'
D:\IPCA\1_Year\2_Semester\EDA_EstruturasDeDadosAvançadas\TrabalhoPratico\TrabalhoPratico\Vehicle.c(305,15): warning C4133: '=': incompatible types - from 'vehicleList *' to 'vehicleList *'
D:\IPCA\1_Year\2_Semester\EDA_EstruturasDeDadosAvançadas\TrabalhoPratico\TrabalhoPratico\Vehicle.c(306,24): warning C4133: '=': incompatible types - from 'vehicleList *' to 'vehicleList *'
D:\IPCA\1_Year\2_Semester\EDA_EstruturasDeDadosAvançadas\TrabalhoPratico\TrabalhoPratico\Vehicle.c(308,7): warning C4133: '=': incompatible types - from 'vehicleList *' to 'vehicleList *'
D:\IPCA\1_Year\2_Semester\EDA_EstruturasDeDadosAvançadas\TrabalhoPratico\TrabalhoPratico\Vehicle.c(295,17): warning C4133: 'initializing': incompatible types - from 'vehicleList *' to 'vehicleList *'
D:\IPCA\1_Year\2_Semester\EDA_EstruturasDeDadosAvançadas\TrabalhoPratico\TrabalhoPratico\Vehicle.c(335,7): warning C4133: '=': incompatible types - from 'vehicleList *' to 'vehicleList *'
  Generating Code...
D:\IPCA\1_Year\2_Semester\EDA_EstruturasDeDadosAvançadas\TrabalhoPratico\TrabalhoPratico\Vehicle.c(311): warning C4715: 'vehiclesFromLocal': not all control paths return a value
  TrabalhoPratico.vcxproj -> D:\IPCA\1_Year\2_Semester\EDA_EstruturasDeDadosAvançadas\TrabalhoPratico\x64\Debug\TrabalhoPratico.exe
